<?xml version="1.0" encoding="UTF-8"?>
<testng-results skipped="0" failed="0" total="1" passed="1">
  <reporter-output>
  </reporter-output>
  <suite name="Default suite" duration-ms="8556" started-at="2020-01-29T15:58:59Z" finished-at="2020-01-29T15:59:07Z">
    <groups>
    </groups>
    <test name="Default test" duration-ms="8556" started-at="2020-01-29T15:58:59Z" finished-at="2020-01-29T15:59:07Z">
      <class name="gen.selenium.pomdemo.tests.DemoTest">
        <test-method status="PASS" signature="browserSetup()[pri:0, instance:gen.selenium.pomdemo.tests.DemoTest@68c4039c]" name="browserSetup" is-config="true" duration-ms="5296" started-at="2020-01-29T21:28:59Z" finished-at="2020-01-29T21:29:04Z">
          <reporter-output>
          </reporter-output>
        </test-method> <!-- browserSetup -->
        <test-method status="PASS" signature="reportSetup()[pri:0, instance:gen.selenium.pomdemo.tests.DemoTest@68c4039c]" name="reportSetup" is-config="true" duration-ms="187" started-at="2020-01-29T21:29:04Z" finished-at="2020-01-29T21:29:04Z">
          <reporter-output>
          </reporter-output>
        </test-method> <!-- reportSetup -->
        <test-method status="PASS" signature="searchTest()[pri:0, instance:gen.selenium.pomdemo.tests.DemoTest@68c4039c]" name="searchTest" duration-ms="2656" started-at="2020-01-29T21:29:04Z" finished-at="2020-01-29T21:29:07Z">
          <reporter-output>
          </reporter-output>
        </test-method> <!-- searchTest -->
        <test-method status="PASS" signature="tearDown()[pri:0, instance:gen.selenium.pomdemo.tests.DemoTest@68c4039c]" name="tearDown" is-config="true" duration-ms="368" started-at="2020-01-29T21:29:07Z" finished-at="2020-01-29T21:29:07Z">
          <reporter-output>
          </reporter-output>
        </test-method> <!-- tearDown -->
        <test-method status="PASS" signature="stop()[pri:0, instance:gen.selenium.pomdemo.tests.DemoTest@68c4039c]" name="stop" is-config="true" duration-ms="2963" started-at="2020-01-29T21:29:07Z" finished-at="2020-01-29T21:29:10Z">
          <reporter-output>
          </reporter-output>
        </test-method> <!-- stop -->
      </class> <!-- gen.selenium.pomdemo.tests.DemoTest -->
    </test> <!-- Default test -->
  </suite> <!-- Default suite -->
</testng-results>
